{"name":"b_registerPersonalDetails","id":"com.aspire.testscases.RegistrationTest:b_registerPersonalDetails","testCaseName":"com.aspire.testscases.RegistrationTest","userStory":{"id":"com.aspire.testscases.RegistrationTest","storyName":"Registration test","storyClassName":"com.aspire.testscases.RegistrationTest","path":"com.aspire.testscases","type":"story"},"featureTag":{"name":"Testscases/Registration test","type":"story","displayName":"Testscases/Registration test"},"title":"B register personal details","tags":[{"name":"Testscases/Registration test","type":"story","displayName":"Testscases/Registration test"}],"startTime":"2021-03-15T02:53:24.282110+07:00[Asia/Ho_Chi_Minh]","duration":46472,"testFailureCause":{"errorType":"net.thucydides.core.webdriver.exceptions.ElementShouldBeEnabledException","message":"Expected enabled element was not enabled","stackTrace":[{"classLoaderName":"app","declaringClass":"com.aspire.pages.PersonalDetailsPage","methodName":"selectNationality","fileName":"PersonalDetailsPage.java","lineNumber":87,"format":1},{"classLoaderName":"app","declaringClass":"com.aspire.pages.PersonalDetailsPage","methodName":"inputPersonalInformation","fileName":"PersonalDetailsPage.java","lineNumber":49,"format":1},{"classLoaderName":"app","declaringClass":"com.aspire.testscases.RegistrationTest","methodName":"b_registerPersonalDetails","fileName":"RegistrationTest.java","lineNumber":57,"format":1},{"classLoaderName":"app","declaringClass":"org.eclipse.jdt.internal.junit4.runner.JUnit4TestReference","methodName":"run","fileName":"JUnit4TestReference.java","lineNumber":89,"format":1},{"classLoaderName":"app","declaringClass":"org.eclipse.jdt.internal.junit.runner.TestExecution","methodName":"run","fileName":"TestExecution.java","lineNumber":41,"format":1},{"classLoaderName":"app","declaringClass":"org.eclipse.jdt.internal.junit.runner.RemoteTestRunner","methodName":"runTests","fileName":"RemoteTestRunner.java","lineNumber":542,"format":1},{"classLoaderName":"app","declaringClass":"org.eclipse.jdt.internal.junit.runner.RemoteTestRunner","methodName":"runTests","fileName":"RemoteTestRunner.java","lineNumber":770,"format":1},{"classLoaderName":"app","declaringClass":"org.eclipse.jdt.internal.junit.runner.RemoteTestRunner","methodName":"run","fileName":"RemoteTestRunner.java","lineNumber":464,"format":1},{"classLoaderName":"app","declaringClass":"org.eclipse.jdt.internal.junit.runner.RemoteTestRunner","methodName":"main","fileName":"RemoteTestRunner.java","lineNumber":210,"format":1}],"rootCause":{"errorType":"org.openqa.selenium.TimeoutException","message":"Expected condition failed: waiting for By.xpath: //div[@label\u003d\u0027Nationality\u0027]//input to be enabled (tried for 5 second(s) with 100 milliseconds interval)","stackTrace":[{"classLoaderName":"app","declaringClass":"com.aspire.pages.PersonalDetailsPage","methodName":"selectNationality","fileName":"PersonalDetailsPage.java","lineNumber":87,"format":1},{"classLoaderName":"app","declaringClass":"com.aspire.pages.PersonalDetailsPage","methodName":"inputPersonalInformation","fileName":"PersonalDetailsPage.java","lineNumber":49,"format":1},{"classLoaderName":"app","declaringClass":"com.aspire.testscases.RegistrationTest","methodName":"b_registerPersonalDetails","fileName":"RegistrationTest.java","lineNumber":57,"format":1},{"classLoaderName":"app","declaringClass":"org.eclipse.jdt.internal.junit4.runner.JUnit4TestReference","methodName":"run","fileName":"JUnit4TestReference.java","lineNumber":89,"format":1},{"classLoaderName":"app","declaringClass":"org.eclipse.jdt.internal.junit.runner.TestExecution","methodName":"run","fileName":"TestExecution.java","lineNumber":41,"format":1},{"classLoaderName":"app","declaringClass":"org.eclipse.jdt.internal.junit.runner.RemoteTestRunner","methodName":"runTests","fileName":"RemoteTestRunner.java","lineNumber":542,"format":1},{"classLoaderName":"app","declaringClass":"org.eclipse.jdt.internal.junit.runner.RemoteTestRunner","methodName":"runTests","fileName":"RemoteTestRunner.java","lineNumber":770,"format":1},{"classLoaderName":"app","declaringClass":"org.eclipse.jdt.internal.junit.runner.RemoteTestRunner","methodName":"run","fileName":"RemoteTestRunner.java","lineNumber":464,"format":1},{"classLoaderName":"app","declaringClass":"org.eclipse.jdt.internal.junit.runner.RemoteTestRunner","methodName":"main","fileName":"RemoteTestRunner.java","lineNumber":210,"format":1}],"rootCause":{"errorType":"org.openqa.selenium.NoSuchElementException","message":"no such element: Unable to locate element: {\"method\":\"xpath\",\"selector\":\"//div[@label\u003d\u0027Nationality\u0027]//input\"}\n  (Session info: chrome\u003d89.0.4389.82)\nFor documentation on this error, please visit: https://www.seleniumhq.org/exceptions/no_such_element.html\nBuild info: version: \u00273.141.59\u0027, revision: \u0027e82be7d358\u0027, time: \u00272018-11-14T08:17:03\u0027\nSystem info: host: \u0027Nguyens-MacBook-Pro.local\u0027, ip: \u00272001:ee0:5006:94f0:844b:34ab:ab13:bfa3%en0\u0027, os.name: \u0027Mac OS X\u0027, os.arch: \u0027x86_64\u0027, os.version: \u002710.14.6\u0027, java.version: \u002715.0.2\u0027\nDriver info: org.openqa.selenium.chrome.ChromeDriver\nCapabilities {acceptInsecureCerts: false, browserName: chrome, browserVersion: 89.0.4389.82, chrome: {chromedriverVersion: 89.0.4389.23 (61b08ee2c5002..., userDataDir: /var/folders/vg/4r5s272d5tj...}, goog:chromeOptions: {debuggerAddress: localhost:60886}, javascriptEnabled: true, networkConnectionEnabled: false, pageLoadStrategy: normal, platform: MAC, platformName: MAC, proxy: Proxy(), setWindowRect: true, strictFileInteractability: false, timeouts: {implicit: 0, pageLoad: 300000, script: 30000}, unhandledPromptBehavior: dismiss and notify, webauthn:extension:largeBlob: true, webauthn:virtualAuthenticators: true}\nSession ID: cf9d515f72027fc641ae17682cf00d0c\n*** Element info: {Using\u003dxpath, value\u003d//div[@label\u003d\u0027Nationality\u0027]//input}","stackTrace":[{"classLoaderName":"app","declaringClass":"com.aspire.pages.PersonalDetailsPage","methodName":"selectNationality","fileName":"PersonalDetailsPage.java","lineNumber":87,"format":1},{"classLoaderName":"app","declaringClass":"com.aspire.pages.PersonalDetailsPage","methodName":"inputPersonalInformation","fileName":"PersonalDetailsPage.java","lineNumber":49,"format":1},{"classLoaderName":"app","declaringClass":"com.aspire.testscases.RegistrationTest","methodName":"b_registerPersonalDetails","fileName":"RegistrationTest.java","lineNumber":57,"format":1},{"classLoaderName":"app","declaringClass":"org.eclipse.jdt.internal.junit4.runner.JUnit4TestReference","methodName":"run","fileName":"JUnit4TestReference.java","lineNumber":89,"format":1},{"classLoaderName":"app","declaringClass":"org.eclipse.jdt.internal.junit.runner.TestExecution","methodName":"run","fileName":"TestExecution.java","lineNumber":41,"format":1},{"classLoaderName":"app","declaringClass":"org.eclipse.jdt.internal.junit.runner.RemoteTestRunner","methodName":"runTests","fileName":"RemoteTestRunner.java","lineNumber":542,"format":1},{"classLoaderName":"app","declaringClass":"org.eclipse.jdt.internal.junit.runner.RemoteTestRunner","methodName":"runTests","fileName":"RemoteTestRunner.java","lineNumber":770,"format":1},{"classLoaderName":"app","declaringClass":"org.eclipse.jdt.internal.junit.runner.RemoteTestRunner","methodName":"run","fileName":"RemoteTestRunner.java","lineNumber":464,"format":1},{"classLoaderName":"app","declaringClass":"org.eclipse.jdt.internal.junit.runner.RemoteTestRunner","methodName":"main","fileName":"RemoteTestRunner.java","lineNumber":210,"format":1}]}}},"testFailureClassname":"net.thucydides.core.webdriver.exceptions.ElementShouldBeEnabledException","testFailureMessage":"Expected enabled element was not enabled","testFailureSummary":"FAILURE;net.thucydides.core.webdriver.exceptions.ElementShouldBeEnabledException;Expected enabled element was not enabled;PersonalDetailsPage.java","projectKey":"","annotatedResult":"FAILURE","sessionId":"cf9d515f72027fc641ae17682cf00d0c","driver":"chrome","isManualTestingUpToDate":false,"manual":false,"testSource":"JUnit","order":0,"result":"FAILURE"}