<?xml version="1.0" encoding="UTF-8"?><testsuite errors="1" failures="2" name="com.aspire.testscases.RegistrationTest" skipped="0" tests="4" time="84.41" timestamp="2021-03-15 12:43:41"><testcase classname="com.aspire.testscases.RegistrationTest" name="Verification with identity details"><error message="Expected condition failed: waiting for net.serenitybdd.core.pages.RenderedPageObjectView$7@795f8317 (tried for 5 second(s) with 50 milliseconds interval)&#10;Build info: version: '3.141.59', revision: 'e82be7d358', time: '2018-11-14T08:17:03'&#10;System info: host: 'Nguyens-MacBook-Pro.local', ip: '2001:ee0:5006:94f0:844b:34ab:ab13:bfa3%en0', os.name: 'Mac OS X', os.arch: 'x86_64', os.version: '10.14.6', java.version: '15.0.2'&#10;Driver info: driver.version: unknown" type="org.openqa.selenium.TimeoutException">Expected condition failed: waiting for net.serenitybdd.core.pages.RenderedPageObjectView$7@795f8317 (tried for 5 second(s) with 50 milliseconds interval)
Build info: version: '3.141.59', revision: 'e82be7d358', time: '2018-11-14T08:17:03'
System info: host: 'Nguyens-MacBook-Pro.local', ip: '2001:ee0:5006:94f0:844b:34ab:ab13:bfa3%en0', os.name: 'Mac OS X', os.arch: 'x86_64', os.version: '10.14.6', java.version: '15.0.2'
Driver info: driver.version: unknown</error><system-err>Expected condition failed: waiting for net.serenitybdd.core.pages.RenderedPageObjectView$7@795f8317 (tried for 5 second(s) with 50 milliseconds interval)
Build info: version: '3.141.59', revision: 'e82be7d358', time: '2018-11-14T08:17:03'
System info: host: 'Nguyens-MacBook-Pro.local', ip: '2001:ee0:5006:94f0:844b:34ab:ab13:bfa3%en0', os.name: 'Mac OS X', os.arch: 'x86_64', os.version: '10.14.6', java.version: '15.0.2'
Driver info: driver.version: unknown
com.aspire.pages.OTPVerificationPage.verifySmsVerificationPage(OTPVerificationPage.java:24)
com.aspire.testscases.RegistrationTest.verificationWithIdentityDetails(RegistrationTest.java:98)
org.eclipse.jdt.internal.junit4.runner.JUnit4TestReference.run(JUnit4TestReference.java:89)
org.eclipse.jdt.internal.junit.runner.TestExecution.run(TestExecution.java:41)
org.eclipse.jdt.internal.junit.runner.RemoteTestRunner.runTests(RemoteTestRunner.java:542)
org.eclipse.jdt.internal.junit.runner.RemoteTestRunner.runTests(RemoteTestRunner.java:770)
org.eclipse.jdt.internal.junit.runner.RemoteTestRunner.run(RemoteTestRunner.java:464)
org.eclipse.jdt.internal.junit.runner.RemoteTestRunner.main(RemoteTestRunner.java:210)
</system-err></testcase><testcase classname="com.aspire.testscases.RegistrationTest" name="Register with mobile verification"/><testcase classname="com.aspire.testscases.RegistrationTest" name="Register business details"><failure message="Expected enabled element was not enabled" type="net.thucydides.core.webdriver.exceptions.ElementShouldBeEnabledException">Expected enabled element was not enabled</failure><system-err>Expected enabled element was not enabled
com.aspire.pages.BasePage.clickSubmitButton(BasePage.java:38)
com.aspire.pages.MiddleNavigationPage.clickGetStartedButton(MiddleNavigationPage.java:57)
com.aspire.testscases.RegistrationTest.registerBusinessDetails(RegistrationTest.java:88)
org.eclipse.jdt.internal.junit4.runner.JUnit4TestReference.run(JUnit4TestReference.java:89)
org.eclipse.jdt.internal.junit.runner.TestExecution.run(TestExecution.java:41)
org.eclipse.jdt.internal.junit.runner.RemoteTestRunner.runTests(RemoteTestRunner.java:542)
org.eclipse.jdt.internal.junit.runner.RemoteTestRunner.runTests(RemoteTestRunner.java:770)
org.eclipse.jdt.internal.junit.runner.RemoteTestRunner.run(RemoteTestRunner.java:464)
org.eclipse.jdt.internal.junit.runner.RemoteTestRunner.main(RemoteTestRunner.java:210)
</system-err></testcase><testcase classname="com.aspire.testscases.RegistrationTest" name="Register personal details"><failure message="Expected enabled element was not enabled" type="net.thucydides.core.webdriver.exceptions.ElementShouldBeEnabledException">Expected enabled element was not enabled</failure><system-err>Expected enabled element was not enabled
com.aspire.pages.BasePage.clickSubmitButton(BasePage.java:38)
com.aspire.pages.PersonalDetailsPage.inputPersonalInformation(PersonalDetailsPage.java:51)
com.aspire.testscases.RegistrationTest.registerPersonalDetails(RegistrationTest.java:72)
org.eclipse.jdt.internal.junit4.runner.JUnit4TestReference.run(JUnit4TestReference.java:89)
org.eclipse.jdt.internal.junit.runner.TestExecution.run(TestExecution.java:41)
org.eclipse.jdt.internal.junit.runner.RemoteTestRunner.runTests(RemoteTestRunner.java:542)
org.eclipse.jdt.internal.junit.runner.RemoteTestRunner.runTests(RemoteTestRunner.java:770)
org.eclipse.jdt.internal.junit.runner.RemoteTestRunner.run(RemoteTestRunner.java:464)
org.eclipse.jdt.internal.junit.runner.RemoteTestRunner.main(RemoteTestRunner.java:210)
</system-err></testcase></testsuite>